TN:
SF:..\be-todo-strike\dist\lib\be-todo-strike.js
FN:4,beTodoStrike
FNF:1
FNH:1
FNDA:1,beTodoStrike
DA:1,1
DA:2,1
DA:3,1
DA:4,1
DA:5,1
DA:6,1
LF:6
LH:6
BRDA:4,0,0,1
BRF:1
BRH:1
end_of_record
TN:
SF:dist\lib\be-todo.js
FN:5,beTodo
FN:7,add
FN:10,remove
FN:13,strike
FNF:4
FNH:4
FNDA:4,beTodo
FNDA:5,add
FNDA:2,remove
FNDA:1,strike
DA:1,1
DA:2,1
DA:3,1
DA:4,1
DA:5,4
DA:6,4
DA:7,4
DA:8,5
DA:9,5
DA:10,4
DA:11,2
DA:12,2
DA:13,4
DA:14,1
DA:15,1
DA:16,1
DA:17,1
DA:18,4
DA:19,4
DA:20,4
DA:21,4
DA:22,4
DA:23,4
DA:24,4
LF:24
LH:24
BRDA:5,0,0,4
BRDA:7,1,0,5
BRDA:10,2,0,2
BRDA:13,3,0,1
BRF:4
BRH:4
end_of_record
