{
  "C:\\Users\\ASUS\\Desktop\\development\\pet\\lerna\\be-todo\\packages\\be-todo-core\\dist\\lib\\esm\\be-todo-core.js": {
    "path": "C:\\Users\\ASUS\\Desktop\\development\\pet\\lerna\\be-todo\\packages\\be-todo-core\\dist\\lib\\esm\\be-todo-core.js",
    "all": false,
    "statementMap": {
      "0": {
        "start": { "line": 1, "column": 0 },
        "end": { "line": 1, "column": 60 }
      },
      "1": {
        "start": { "line": 2, "column": 0 },
        "end": { "line": 2, "column": 0 }
      },
      "2": {
        "start": { "line": 3, "column": 0 },
        "end": { "line": 3, "column": 23 }
      },
      "3": {
        "start": { "line": 4, "column": 0 },
        "end": { "line": 4, "column": 21 }
      },
      "4": {
        "start": { "line": 5, "column": 0 },
        "end": { "line": 5, "column": 25 }
      },
      "5": {
        "start": { "line": 6, "column": 0 },
        "end": { "line": 6, "column": 26 }
      },
      "6": {
        "start": { "line": 7, "column": 0 },
        "end": { "line": 7, "column": 5 }
      },
      "7": {
        "start": { "line": 8, "column": 0 },
        "end": { "line": 8, "column": 28 }
      },
      "8": {
        "start": { "line": 9, "column": 0 },
        "end": { "line": 9, "column": 31 }
      },
      "9": {
        "start": { "line": 10, "column": 0 },
        "end": { "line": 10, "column": 5 }
      },
      "10": {
        "start": { "line": 11, "column": 0 },
        "end": { "line": 11, "column": 28 }
      },
      "11": {
        "start": { "line": 12, "column": 0 },
        "end": { "line": 12, "column": 27 }
      },
      "12": {
        "start": { "line": 13, "column": 0 },
        "end": { "line": 13, "column": 54 }
      },
      "13": {
        "start": { "line": 14, "column": 0 },
        "end": { "line": 14, "column": 9 }
      },
      "14": {
        "start": { "line": 15, "column": 0 },
        "end": { "line": 15, "column": 5 }
      },
      "15": {
        "start": { "line": 16, "column": 0 },
        "end": { "line": 16, "column": 12 }
      },
      "16": {
        "start": { "line": 17, "column": 0 },
        "end": { "line": 17, "column": 14 }
      },
      "17": {
        "start": { "line": 18, "column": 0 },
        "end": { "line": 18, "column": 12 }
      },
      "18": {
        "start": { "line": 19, "column": 0 },
        "end": { "line": 19, "column": 15 }
      },
      "19": {
        "start": { "line": 20, "column": 0 },
        "end": { "line": 20, "column": 15 }
      },
      "20": {
        "start": { "line": 21, "column": 0 },
        "end": { "line": 21, "column": 6 }
      },
      "21": {
        "start": { "line": 22, "column": 0 },
        "end": { "line": 22, "column": 1 }
      },
      "22": {
        "start": { "line": 23, "column": 0 },
        "end": { "line": 23, "column": 0 }
      },
      "23": {
        "start": { "line": 24, "column": 0 },
        "end": { "line": 24, "column": 22 }
      }
    },
    "s": {
      "0": 1,
      "1": 1,
      "2": 4,
      "3": 4,
      "4": 4,
      "5": 5,
      "6": 5,
      "7": 4,
      "8": 2,
      "9": 2,
      "10": 4,
      "11": 1,
      "12": 1,
      "13": 1,
      "14": 1,
      "15": 4,
      "16": 4,
      "17": 4,
      "18": 4,
      "19": 4,
      "20": 4,
      "21": 4,
      "22": 1,
      "23": 1
    },
    "branchMap": {
      "0": {
        "type": "branch",
        "line": 1,
        "loc": {
          "start": { "line": 1, "column": 0 },
          "end": { "line": 24, "column": 22 }
        },
        "locations": [
          {
            "start": { "line": 1, "column": 0 },
            "end": { "line": 24, "column": 22 }
          }
        ]
      },
      "1": {
        "type": "branch",
        "line": 3,
        "loc": {
          "start": { "line": 3, "column": 0 },
          "end": { "line": 22, "column": 1 }
        },
        "locations": [
          {
            "start": { "line": 3, "column": 0 },
            "end": { "line": 22, "column": 1 }
          }
        ]
      },
      "2": {
        "type": "branch",
        "line": 5,
        "loc": {
          "start": { "line": 5, "column": 4 },
          "end": { "line": 7, "column": 5 }
        },
        "locations": [
          {
            "start": { "line": 5, "column": 4 },
            "end": { "line": 7, "column": 5 }
          }
        ]
      },
      "3": {
        "type": "branch",
        "line": 8,
        "loc": {
          "start": { "line": 8, "column": 4 },
          "end": { "line": 10, "column": 5 }
        },
        "locations": [
          {
            "start": { "line": 8, "column": 4 },
            "end": { "line": 10, "column": 5 }
          }
        ]
      },
      "4": {
        "type": "branch",
        "line": 11,
        "loc": {
          "start": { "line": 11, "column": 4 },
          "end": { "line": 15, "column": 5 }
        },
        "locations": [
          {
            "start": { "line": 11, "column": 4 },
            "end": { "line": 15, "column": 5 }
          }
        ]
      }
    },
    "b": { "0": [1], "1": [4], "2": [5], "3": [2], "4": [1] },
    "fnMap": {
      "0": {
        "name": "beTodoCore",
        "decl": {
          "start": { "line": 3, "column": 0 },
          "end": { "line": 22, "column": 1 }
        },
        "loc": {
          "start": { "line": 3, "column": 0 },
          "end": { "line": 22, "column": 1 }
        },
        "line": 3
      },
      "1": {
        "name": "add",
        "decl": {
          "start": { "line": 5, "column": 4 },
          "end": { "line": 7, "column": 5 }
        },
        "loc": {
          "start": { "line": 5, "column": 4 },
          "end": { "line": 7, "column": 5 }
        },
        "line": 5
      },
      "2": {
        "name": "remove",
        "decl": {
          "start": { "line": 8, "column": 4 },
          "end": { "line": 10, "column": 5 }
        },
        "loc": {
          "start": { "line": 8, "column": 4 },
          "end": { "line": 10, "column": 5 }
        },
        "line": 8
      },
      "3": {
        "name": "strike",
        "decl": {
          "start": { "line": 11, "column": 4 },
          "end": { "line": 15, "column": 5 }
        },
        "loc": {
          "start": { "line": 11, "column": 4 },
          "end": { "line": 15, "column": 5 }
        },
        "line": 11
      }
    },
    "f": { "0": 4, "1": 5, "2": 2, "3": 1 }
  }
}
